{"C:\\dev\\cit262-emmalund-bb\\backend\\api.js": {"path":"C:\\dev\\cit262-emmalund-bb\\backend\\api.js","statementMap":{"0":{"start":{"line":1,"column":20},"end":{"line":1,"column":48}},"1":{"start":{"line":2,"column":22},"end":{"line":2,"column":48}},"2":{"start":{"line":4,"column":10},"end":{"line":4,"column":28}},"3":{"start":{"line":6,"column":0},"end":{"line":6,"column":43}},"4":{"start":{"line":9,"column":15},"end":{"line":9,"column":112}},"5":{"start":{"line":11,"column":0},"end":{"line":32,"column":2}},"6":{"start":{"line":12,"column":11},"end":{"line":12,"column":23}},"7":{"start":{"line":13,"column":2},"end":{"line":31,"column":3}},"8":{"start":{"line":14,"column":6},"end":{"line":21,"column":9}},"9":{"start":{"line":15,"column":10},"end":{"line":20,"column":11}},"10":{"start":{"line":16,"column":14},"end":{"line":16,"column":31}},"11":{"start":{"line":17,"column":14},"end":{"line":17,"column":28}},"12":{"start":{"line":19,"column":14},"end":{"line":19,"column":34}},"13":{"start":{"line":23,"column":6},"end":{"line":30,"column":9}},"14":{"start":{"line":24,"column":10},"end":{"line":29,"column":11}},"15":{"start":{"line":25,"column":14},"end":{"line":25,"column":31}},"16":{"start":{"line":26,"column":14},"end":{"line":26,"column":28}},"17":{"start":{"line":28,"column":14},"end":{"line":28,"column":35}},"18":{"start":{"line":34,"column":0},"end":{"line":68,"column":2}},"19":{"start":{"line":35,"column":13},"end":{"line":35,"column":21}},"20":{"start":{"line":36,"column":11},"end":{"line":36,"column":29}},"21":{"start":{"line":37,"column":2},"end":{"line":67,"column":9}},"22":{"start":{"line":39,"column":13},"end":{"line":39,"column":60}},"23":{"start":{"line":41,"column":4},"end":{"line":48,"column":9}},"24":{"start":{"line":42,"column":10},"end":{"line":47,"column":11}},"25":{"start":{"line":43,"column":14},"end":{"line":43,"column":54}},"26":{"start":{"line":44,"column":14},"end":{"line":44,"column":28}},"27":{"start":{"line":46,"column":14},"end":{"line":46,"column":29}},"28":{"start":{"line":49,"column":10},"end":{"line":67,"column":9}},"29":{"start":{"line":51,"column":4},"end":{"line":51,"column":25}},"30":{"start":{"line":54,"column":17},"end":{"line":57,"column":5}},"31":{"start":{"line":59,"column":7},"end":{"line":66,"column":13}},"32":{"start":{"line":60,"column":12},"end":{"line":65,"column":13}},"33":{"start":{"line":61,"column":14},"end":{"line":61,"column":40}},"34":{"start":{"line":64,"column":12},"end":{"line":64,"column":64}}},"fnMap":{"0":{"name":"(anonymous_0)","decl":{"start":{"line":11,"column":17},"end":{"line":11,"column":18}},"loc":{"start":{"line":11,"column":37},"end":{"line":32,"column":1}},"line":11},"1":{"name":"(anonymous_1)","decl":{"start":{"line":14,"column":58},"end":{"line":14,"column":59}},"loc":{"start":{"line":14,"column":73},"end":{"line":21,"column":7}},"line":14},"2":{"name":"(anonymous_2)","decl":{"start":{"line":23,"column":42},"end":{"line":23,"column":43}},"loc":{"start":{"line":23,"column":57},"end":{"line":30,"column":7}},"line":23},"3":{"name":"(anonymous_3)","decl":{"start":{"line":34,"column":16},"end":{"line":34,"column":17}},"loc":{"start":{"line":34,"column":36},"end":{"line":68,"column":1}},"line":34},"4":{"name":"(anonymous_4)","decl":{"start":{"line":41,"column":28},"end":{"line":41,"column":29}},"loc":{"start":{"line":41,"column":43},"end":{"line":48,"column":7}},"line":41},"5":{"name":"(anonymous_5)","decl":{"start":{"line":59,"column":28},"end":{"line":59,"column":29}},"loc":{"start":{"line":59,"column":48},"end":{"line":66,"column":11}},"line":59}},"branchMap":{"0":{"loc":{"start":{"line":13,"column":2},"end":{"line":31,"column":3}},"type":"if","locations":[{"start":{"line":13,"column":2},"end":{"line":31,"column":3}},{"start":{"line":22,"column":9},"end":{"line":31,"column":3}}],"line":13},"1":{"loc":{"start":{"line":15,"column":10},"end":{"line":20,"column":11}},"type":"if","locations":[{"start":{"line":15,"column":10},"end":{"line":20,"column":11}},{"start":{"line":18,"column":17},"end":{"line":20,"column":11}}],"line":15},"2":{"loc":{"start":{"line":24,"column":10},"end":{"line":29,"column":11}},"type":"if","locations":[{"start":{"line":24,"column":10},"end":{"line":29,"column":11}},{"start":{"line":27,"column":17},"end":{"line":29,"column":11}}],"line":24},"3":{"loc":{"start":{"line":37,"column":2},"end":{"line":67,"column":9}},"type":"if","locations":[{"start":{"line":37,"column":2},"end":{"line":67,"column":9}},{"start":{"line":49,"column":10},"end":{"line":67,"column":9}}],"line":37},"4":{"loc":{"start":{"line":37,"column":6},"end":{"line":37,"column":60}},"type":"binary-expr","locations":[{"start":{"line":37,"column":6},"end":{"line":37,"column":8}},{"start":{"line":37,"column":12},"end":{"line":37,"column":60}}],"line":37},"5":{"loc":{"start":{"line":42,"column":10},"end":{"line":47,"column":11}},"type":"if","locations":[{"start":{"line":42,"column":10},"end":{"line":47,"column":11}},{"start":{"line":45,"column":17},"end":{"line":47,"column":11}}],"line":42},"6":{"loc":{"start":{"line":49,"column":10},"end":{"line":67,"column":9}},"type":"if","locations":[{"start":{"line":49,"column":10},"end":{"line":67,"column":9}},{"start":{},"end":{}}],"line":49},"7":{"loc":{"start":{"line":49,"column":14},"end":{"line":49,"column":81}},"type":"binary-expr","locations":[{"start":{"line":49,"column":14},"end":{"line":49,"column":60}},{"start":{"line":49,"column":64},"end":{"line":49,"column":81}}],"line":49},"8":{"loc":{"start":{"line":60,"column":12},"end":{"line":65,"column":13}},"type":"if","locations":[{"start":{"line":60,"column":12},"end":{"line":65,"column":13}},{"start":{"line":62,"column":19},"end":{"line":65,"column":13}}],"line":60}},"s":{"0":1,"1":1,"2":1,"3":1,"4":1,"5":1,"6":0,"7":0,"8":0,"9":0,"10":0,"11":0,"12":0,"13":0,"14":0,"15":0,"16":0,"17":0,"18":1,"19":0,"20":0,"21":0,"22":0,"23":0,"24":0,"25":0,"26":0,"27":0,"28":0,"29":0,"30":0,"31":0,"32":0,"33":0,"34":0},"f":{"0":0,"1":0,"2":0,"3":0,"4":0,"5":0},"b":{"0":[0,0],"1":[0,0],"2":[0,0],"3":[0,0],"4":[0,0],"5":[0,0],"6":[0,0],"7":[0,0],"8":[0,0]},"_coverageSchema":"1a1c01bbd47fc00a2c39e90264f33305004495a9","hash":"359e7b28ced455922083502b5d2d1a28d1b9b824"}
}
