TN:
SF:backend\api.js
FN:11,(anonymous_0)
FN:14,(anonymous_1)
FN:23,(anonymous_2)
FN:34,(anonymous_3)
FN:41,(anonymous_4)
FN:59,(anonymous_5)
FNF:6
FNH:0
FNDA:0,(anonymous_0)
FNDA:0,(anonymous_1)
FNDA:0,(anonymous_2)
FNDA:0,(anonymous_3)
FNDA:0,(anonymous_4)
FNDA:0,(anonymous_5)
DA:1,1
DA:2,1
DA:4,1
DA:6,1
DA:9,1
DA:11,1
DA:12,0
DA:13,0
DA:14,0
DA:15,0
DA:16,0
DA:17,0
DA:19,0
DA:23,0
DA:24,0
DA:25,0
DA:26,0
DA:28,0
DA:34,1
DA:35,0
DA:36,0
DA:37,0
DA:39,0
DA:41,0
DA:42,0
DA:43,0
DA:44,0
DA:46,0
DA:49,0
DA:51,0
DA:54,0
DA:59,0
DA:60,0
DA:61,0
DA:64,0
LF:35
LH:7
BRDA:13,0,0,0
BRDA:13,0,1,0
BRDA:15,1,0,0
BRDA:15,1,1,0
BRDA:24,2,0,0
BRDA:24,2,1,0
BRDA:37,3,0,0
BRDA:37,3,1,0
BRDA:37,4,0,0
BRDA:37,4,1,0
BRDA:42,5,0,0
BRDA:42,5,1,0
BRDA:49,6,0,0
BRDA:49,6,1,0
BRDA:49,7,0,0
BRDA:49,7,1,0
BRDA:60,8,0,0
BRDA:60,8,1,0
BRF:18
BRH:0
end_of_record
